<?xml version="1.0" encoding="UTF-8"?>
<testsuite xmlns:xsi="http://www.w3.org/2001/XMLSchema-instance" xsi:noNamespaceSchemaLocation="https://maven.apache.org/surefire/maven-surefire-plugin/xsd/surefire-test-report-3.0.xsd" version="3.0" name="com.projet.test.ProjetMapperTest" time="0.015" tests="5" errors="0" skipped="0" failures="0">
  <properties>
[...]
</properties>
  <testcase name="testSelectByCondition" classname="com.projet.test.ProjetMapperTest" time="0.003">
    <system-out><![CDATA[1
]]></system-out>
  </testcase>
  <testcase name="testUpdateProjet" classname="com.projet.test.ProjetMapperTest" time="0.001">
    <system-out><![CDATA[1
]]></system-out>
  </testcase>
  <testcase name="testAddProjet" classname="com.projet.test.ProjetMapperTest" time="0.005"/>
  <testcase name="testDeleteById" classname="com.projet.test.ProjetMapperTest" time="0.001"/>
  <testcase name="testSelectById" classname="com.projet.test.ProjetMapperTest" time="0.001"/>
</testsuite>